2025-01-23 12:43:33,302 - INFO - Experiment directory created: ./experiments/20250123_124333
2025-01-23 12:43:33,302 - INFO - Uncertainty Set MDP 1:
2025-01-23 12:43:33,302 - INFO - Alpha: 0.9453993987300057
2025-01-23 12:43:33,303 - INFO - Beta: 0.9302710601071281
2025-01-23 12:43:33,303 - INFO - Kernels:
[[[0.945399 0.054601 0.      ]
  [1.       0.       0.      ]]

 [[0.       0.930271 0.069729]
  [0.       1.       0.      ]]

 [[0.       0.       1.      ]
  [0.       0.       1.      ]]]
2025-01-23 12:43:33,303 - INFO - Rewards:
[[50. 10.]
 [50. 10.]
 [ 0.  0.]]
2025-01-23 12:43:33,303 - INFO - --------------------------------------------------
2025-01-23 12:43:33,303 - INFO - Uncertainty Set MDP 2:
2025-01-23 12:43:33,303 - INFO - Alpha: 0.9424485843644
2025-01-23 12:43:33,303 - INFO - Beta: 0.9291412537419583
2025-01-23 12:43:33,303 - INFO - Kernels:
[[[0.942449 0.057551 0.      ]
  [1.       0.       0.      ]]

 [[0.       0.929141 0.070859]
  [0.       1.       0.      ]]

 [[0.       0.       1.      ]
  [0.       0.       1.      ]]]
2025-01-23 12:43:33,303 - INFO - Rewards:
[[50. 10.]
 [50. 10.]
 [ 0.  0.]]
2025-01-23 12:43:33,303 - INFO - --------------------------------------------------
2025-01-23 12:43:33,303 - INFO - Uncertainty Set MDP 3:
2025-01-23 12:43:33,303 - INFO - Alpha: 0.9103332946618348
2025-01-23 12:43:33,303 - INFO - Beta: 0.9236141011450612
2025-01-23 12:43:33,303 - INFO - Kernels:
[[[0.910333 0.089667 0.      ]
  [1.       0.       0.      ]]

 [[0.       0.923614 0.076386]
  [0.       1.       0.      ]]

 [[0.       0.       1.      ]
  [0.       0.       1.      ]]]
2025-01-23 12:43:33,303 - INFO - Rewards:
[[50. 10.]
 [50. 10.]
 [ 0.  0.]]
2025-01-23 12:43:33,303 - INFO - --------------------------------------------------
2025-01-23 12:43:33,303 - INFO - Average MDP:
2025-01-23 12:43:33,303 - INFO - Alpha: 0.9327270925854135
2025-01-23 12:43:33,303 - INFO - Beta: 0.927675471664716
2025-01-23 12:43:33,303 - INFO - Kernels:
[[[0.932727 0.067273 0.      ]
  [1.       0.       0.      ]]

 [[0.       0.927675 0.072325]
  [0.       1.       0.      ]]

 [[0.       0.       1.      ]
  [0.       0.       1.      ]]]
2025-01-23 12:43:33,303 - INFO - Rewards:
[[50. 10.]
 [50. 10.]
 [ 0.  0.]]
2025-01-23 12:43:33,303 - INFO - ==================================================
2025-01-23 12:43:33,303 - INFO - Environment and uncertainty set saved to ./experiments/20250123_124333/env_data.pkl
2025-01-23 12:43:33,304 - INFO - Configuration saved to ./experiments/20250123_124333/config.json
2025-01-23 12:43:33,304 - INFO - Running MDTL_Periodic...
2025-01-23 12:43:33,304 - INFO - Step 1/5000.
2025-01-23 12:43:33,319 - INFO - Step 2/5000.
2025-01-23 12:43:33,332 - INFO - Step 3/5000.
2025-01-23 12:43:33,345 - INFO - Step 4/5000.
2025-01-23 12:43:33,358 - INFO - Step 5/5000.
2025-01-23 12:43:33,371 - INFO - Step 6/5000.
2025-01-23 12:43:33,384 - INFO - Step 7/5000.
2025-01-23 12:43:33,398 - INFO - Step 8/5000.
2025-01-23 12:43:33,412 - INFO - Step 9/5000.
2025-01-23 12:43:33,425 - INFO - Step 10/5000.
2025-01-23 12:43:33,439 - INFO - Step 11/5000.
2025-01-23 12:43:33,452 - INFO - Step 12/5000.
2025-01-23 12:43:33,466 - INFO - Step 13/5000.
2025-01-23 12:43:33,479 - INFO - Step 14/5000.
2025-01-23 12:43:33,493 - INFO - Step 15/5000.
2025-01-23 12:43:33,506 - INFO - Step 16/5000.
2025-01-23 12:43:33,520 - INFO - Step 17/5000.
2025-01-23 12:43:33,533 - INFO - Step 18/5000.
2025-01-23 12:43:33,547 - INFO - Step 19/5000.
2025-01-23 12:43:33,560 - INFO - Step 20/5000.
2025-01-23 12:43:33,574 - INFO - Step 21/5000.
2025-01-23 12:43:33,587 - INFO - Step 22/5000.
2025-01-23 12:43:33,601 - INFO - Step 23/5000.
2025-01-23 12:43:33,614 - INFO - Step 24/5000.
2025-01-23 12:43:33,628 - INFO - Step 25/5000.
2025-01-23 12:43:33,641 - INFO - Step 26/5000.
2025-01-23 12:43:33,655 - INFO - Step 27/5000.
2025-01-23 12:43:33,668 - INFO - Step 28/5000.
2025-01-23 12:43:33,682 - INFO - Step 29/5000.
2025-01-23 12:43:33,695 - INFO - Step 30/5000.
2025-01-23 12:43:33,709 - INFO - Step 31/5000.
2025-01-23 12:43:33,722 - INFO - Step 32/5000.
2025-01-23 12:43:33,736 - INFO - Step 33/5000.
2025-01-23 12:43:33,750 - INFO - Step 34/5000.
2025-01-23 12:43:33,763 - INFO - Step 35/5000.
2025-01-23 12:43:33,777 - INFO - Step 36/5000.
2025-01-23 12:43:33,790 - INFO - Step 37/5000.
2025-01-23 12:43:33,805 - INFO - Step 38/5000.
2025-01-23 12:43:33,819 - INFO - Step 39/5000.
2025-01-23 12:43:33,833 - INFO - Step 40/5000.
2025-01-23 12:43:33,846 - INFO - Step 41/5000.
2025-01-23 12:43:33,859 - INFO - Step 42/5000.
2025-01-23 12:43:33,872 - INFO - Step 43/5000.
2025-01-23 12:43:33,885 - INFO - Step 44/5000.
2025-01-23 12:43:33,898 - INFO - Step 45/5000.
2025-01-23 12:43:33,911 - INFO - Step 46/5000.
2025-01-23 12:43:33,924 - INFO - Step 47/5000.
2025-01-23 12:43:33,937 - INFO - Step 48/5000.
2025-01-23 12:43:33,950 - INFO - Step 49/5000.
2025-01-23 12:43:33,963 - INFO - Step 50/5000.
2025-01-23 12:43:33,975 - INFO - Step 51/5000.
2025-01-23 12:43:33,988 - INFO - Step 52/5000.
2025-01-23 12:43:34,001 - INFO - Step 53/5000.
2025-01-23 12:43:34,013 - INFO - Step 54/5000.
2025-01-23 12:43:34,027 - INFO - Step 55/5000.
2025-01-23 12:43:34,040 - INFO - Step 56/5000.
2025-01-23 12:43:34,053 - INFO - Step 57/5000.
2025-01-23 12:43:34,065 - INFO - Step 58/5000.
2025-01-23 12:43:34,078 - INFO - Step 59/5000.
2025-01-23 12:43:34,091 - INFO - Step 60/5000.
2025-01-23 12:43:34,104 - INFO - Step 61/5000.
2025-01-23 12:43:34,116 - INFO - Step 62/5000.
2025-01-23 12:43:34,129 - INFO - Step 63/5000.
2025-01-23 12:43:34,142 - INFO - Step 64/5000.
2025-01-23 12:43:34,154 - INFO - Step 65/5000.
2025-01-23 12:43:34,167 - INFO - Step 66/5000.
2025-01-23 12:43:34,180 - INFO - Step 67/5000.
2025-01-23 12:43:34,193 - INFO - Step 68/5000.
2025-01-23 12:43:34,205 - INFO - Step 69/5000.
2025-01-23 12:43:34,218 - INFO - Step 70/5000.
2025-01-23 12:43:34,231 - INFO - Step 71/5000.
2025-01-23 12:43:34,243 - INFO - Step 72/5000.
2025-01-23 12:43:34,256 - INFO - Step 73/5000.
2025-01-23 12:43:34,269 - INFO - Step 74/5000.
2025-01-23 12:43:34,281 - INFO - Step 75/5000.
2025-01-23 12:43:34,294 - INFO - Step 76/5000.
2025-01-23 12:43:34,306 - INFO - Step 77/5000.
2025-01-23 12:43:34,320 - INFO - Step 78/5000.
2025-01-23 12:43:34,334 - INFO - Step 79/5000.
2025-01-23 12:43:34,346 - INFO - Step 80/5000.
2025-01-23 12:43:34,359 - INFO - Step 81/5000.
2025-01-23 12:43:34,372 - INFO - Step 82/5000.
2025-01-23 12:43:34,385 - INFO - Step 83/5000.
2025-01-23 12:43:34,398 - INFO - Step 84/5000.
2025-01-23 12:43:34,410 - INFO - Step 85/5000.
2025-01-23 12:43:34,423 - INFO - Step 86/5000.
2025-01-23 12:43:34,436 - INFO - Step 87/5000.
2025-01-23 12:43:34,449 - INFO - Step 88/5000.
2025-01-23 12:43:34,462 - INFO - Step 89/5000.
2025-01-23 12:43:34,477 - INFO - Step 90/5000.
2025-01-23 12:43:34,512 - INFO - Step 91/5000.
2025-01-23 12:43:34,525 - INFO - Step 92/5000.
2025-01-23 12:43:34,538 - INFO - Step 93/5000.
2025-01-23 12:43:34,551 - INFO - Step 94/5000.
2025-01-23 12:43:34,564 - INFO - Step 95/5000.
2025-01-23 12:43:34,577 - INFO - Step 96/5000.
2025-01-23 12:43:34,590 - INFO - Step 97/5000.
2025-01-23 12:43:34,603 - INFO - Step 98/5000.
2025-01-23 12:43:34,616 - INFO - Step 99/5000.
2025-01-23 12:43:34,628 - INFO - Step 100/5000.
2025-01-23 12:43:34,641 - INFO - Step 101/5000.
2025-01-23 12:43:34,654 - INFO - Step 102/5000.
2025-01-23 12:43:34,667 - INFO - Step 103/5000.
2025-01-23 12:43:34,680 - INFO - Step 104/5000.
2025-01-23 12:43:34,693 - INFO - Step 105/5000.
2025-01-23 12:43:34,705 - INFO - Step 106/5000.
2025-01-23 12:43:34,718 - INFO - Step 107/5000.
2025-01-23 12:43:34,731 - INFO - Step 108/5000.
2025-01-23 12:43:34,744 - INFO - Step 109/5000.
2025-01-23 12:43:34,757 - INFO - Step 110/5000.
2025-01-23 12:43:34,771 - INFO - Step 111/5000.
2025-01-23 12:43:34,784 - INFO - Step 112/5000.
2025-01-23 12:43:34,797 - INFO - Step 113/5000.
2025-01-23 12:43:34,810 - INFO - Step 114/5000.
2025-01-23 12:43:34,823 - INFO - Step 115/5000.
2025-01-23 12:43:34,835 - INFO - Step 116/5000.
2025-01-23 12:43:34,848 - INFO - Step 117/5000.
2025-01-23 12:43:34,862 - INFO - Step 118/5000.
2025-01-23 12:43:34,876 - INFO - Step 119/5000.
2025-01-23 12:43:34,889 - INFO - Step 120/5000.
2025-01-23 12:43:34,903 - INFO - Step 121/5000.
2025-01-23 12:43:34,917 - INFO - Step 122/5000.
2025-01-23 12:43:34,931 - INFO - Step 123/5000.
2025-01-23 12:43:34,944 - INFO - Step 124/5000.
2025-01-23 12:43:34,958 - INFO - Step 125/5000.
2025-01-23 12:43:34,972 - INFO - Step 126/5000.
2025-01-23 12:43:34,986 - INFO - Step 127/5000.
2025-01-23 12:43:34,999 - INFO - Step 128/5000.
2025-01-23 12:43:35,013 - INFO - Step 129/5000.
2025-01-23 12:43:35,027 - INFO - Step 130/5000.
2025-01-23 12:43:35,040 - INFO - Step 131/5000.
2025-01-23 12:43:35,054 - INFO - Step 132/5000.
2025-01-23 12:43:35,068 - INFO - Step 133/5000.
2025-01-23 12:43:35,082 - INFO - Step 134/5000.
2025-01-23 12:43:35,096 - INFO - Step 135/5000.
2025-01-23 12:43:35,109 - INFO - Step 136/5000.
2025-01-23 12:43:35,123 - INFO - Step 137/5000.
2025-01-23 12:43:35,137 - INFO - Step 138/5000.
2025-01-23 12:43:35,150 - INFO - Step 139/5000.
2025-01-23 12:43:35,164 - INFO - Step 140/5000.
2025-01-23 12:43:35,178 - INFO - Step 141/5000.
2025-01-23 12:43:35,191 - INFO - Step 142/5000.
2025-01-23 12:43:35,205 - INFO - Step 143/5000.
2025-01-23 12:43:35,218 - INFO - Step 144/5000.
2025-01-23 12:43:35,232 - INFO - Step 145/5000.
2025-01-23 12:43:35,245 - INFO - Step 146/5000.
2025-01-23 12:43:35,259 - INFO - Step 147/5000.
2025-01-23 12:43:35,273 - INFO - Step 148/5000.
2025-01-23 12:43:35,286 - INFO - Step 149/5000.
2025-01-23 12:43:35,300 - INFO - Step 150/5000.
2025-01-23 12:43:35,313 - INFO - Step 151/5000.
2025-01-23 12:43:35,327 - INFO - Step 152/5000.
2025-01-23 12:43:35,340 - INFO - Step 153/5000.
2025-01-23 12:43:35,354 - INFO - Step 154/5000.
2025-01-23 12:43:35,368 - INFO - Step 155/5000.
2025-01-23 12:43:35,381 - INFO - Step 156/5000.
2025-01-23 12:43:35,395 - INFO - Step 157/5000.
2025-01-23 12:43:35,408 - INFO - Step 158/5000.
2025-01-23 12:43:35,422 - INFO - Step 159/5000.
2025-01-23 12:43:35,435 - INFO - Step 160/5000.
2025-01-23 12:43:35,449 - INFO - Step 161/5000.
2025-01-23 12:43:35,462 - INFO - Step 162/5000.
2025-01-23 12:43:35,476 - INFO - Step 163/5000.
2025-01-23 12:43:35,489 - INFO - Step 164/5000.
2025-01-23 12:43:35,503 - INFO - Step 165/5000.
2025-01-23 12:43:35,517 - INFO - Step 166/5000.
2025-01-23 12:43:35,530 - INFO - Step 167/5000.
2025-01-23 12:43:35,544 - INFO - Step 168/5000.
2025-01-23 12:43:35,557 - INFO - Step 169/5000.
2025-01-23 12:43:35,571 - INFO - Step 170/5000.
2025-01-23 12:43:35,584 - INFO - Step 171/5000.
2025-01-23 12:43:35,598 - INFO - Step 172/5000.
2025-01-23 12:43:35,611 - INFO - Step 173/5000.
2025-01-23 12:43:35,625 - INFO - Step 174/5000.
2025-01-23 12:43:35,638 - INFO - Step 175/5000.
2025-01-23 12:43:35,652 - INFO - Step 176/5000.
2025-01-23 12:43:35,665 - INFO - Step 177/5000.
2025-01-23 12:43:35,679 - INFO - Step 178/5000.
2025-01-23 12:43:35,692 - INFO - Step 179/5000.
2025-01-23 12:43:35,706 - INFO - Step 180/5000.
2025-01-23 12:43:35,719 - INFO - Step 181/5000.
2025-01-23 12:43:35,733 - INFO - Step 182/5000.
2025-01-23 12:43:35,746 - INFO - Step 183/5000.
2025-01-23 12:43:35,760 - INFO - Step 184/5000.
2025-01-23 12:43:35,773 - INFO - Step 185/5000.
2025-01-23 12:43:35,787 - INFO - Step 186/5000.
2025-01-23 12:43:35,801 - INFO - Step 187/5000.
2025-01-23 12:43:35,814 - INFO - Step 188/5000.
2025-01-23 12:43:35,828 - INFO - Step 189/5000.
2025-01-23 12:43:35,841 - INFO - Step 190/5000.
2025-01-23 12:43:35,855 - INFO - Step 191/5000.
2025-01-23 12:43:35,868 - INFO - Step 192/5000.
2025-01-23 12:43:35,882 - INFO - Step 193/5000.
2025-01-23 12:43:35,895 - INFO - Step 194/5000.
2025-01-23 12:43:35,909 - INFO - Step 195/5000.
2025-01-23 12:43:35,922 - INFO - Step 196/5000.
2025-01-23 12:43:35,936 - INFO - Step 197/5000.
2025-01-23 12:43:35,949 - INFO - Step 198/5000.
2025-01-23 12:43:35,963 - INFO - Step 199/5000.
2025-01-23 12:43:35,976 - INFO - Step 200/5000.
2025-01-23 12:43:35,990 - INFO - Step 201/5000.
2025-01-23 12:43:36,003 - INFO - Step 202/5000.
2025-01-23 12:43:36,016 - INFO - Step 203/5000.
2025-01-23 12:43:36,030 - INFO - Step 204/5000.
2025-01-23 12:43:36,043 - INFO - Step 205/5000.
2025-01-23 12:43:36,057 - INFO - Step 206/5000.
2025-01-23 12:43:36,070 - INFO - Step 207/5000.
2025-01-23 12:43:36,084 - INFO - Step 208/5000.
2025-01-23 12:43:36,097 - INFO - Step 209/5000.
2025-01-23 12:43:36,111 - INFO - Step 210/5000.
2025-01-23 12:43:36,124 - INFO - Step 211/5000.
2025-01-23 12:43:36,138 - INFO - Step 212/5000.
2025-01-23 12:43:36,151 - INFO - Step 213/5000.
2025-01-23 12:43:36,165 - INFO - Step 214/5000.
2025-01-23 12:43:36,178 - INFO - Step 215/5000.
2025-01-23 12:43:36,192 - INFO - Step 216/5000.
2025-01-23 12:43:36,206 - INFO - Step 217/5000.
2025-01-23 12:43:36,220 - INFO - Step 218/5000.
2025-01-23 12:43:36,233 - INFO - Step 219/5000.
2025-01-23 12:43:36,247 - INFO - Step 220/5000.
2025-01-23 12:43:36,260 - INFO - Step 221/5000.
2025-01-23 12:43:36,274 - INFO - Step 222/5000.
2025-01-23 12:43:36,287 - INFO - Step 223/5000.
2025-01-23 12:43:36,301 - INFO - Step 224/5000.
2025-01-23 12:43:36,314 - INFO - Step 225/5000.
2025-01-23 12:43:36,328 - INFO - Step 226/5000.
2025-01-23 12:43:36,341 - INFO - Step 227/5000.
2025-01-23 12:43:36,355 - INFO - Step 228/5000.
2025-01-23 12:43:36,368 - INFO - Step 229/5000.
2025-01-23 12:43:36,382 - INFO - Step 230/5000.
2025-01-23 12:43:36,395 - INFO - Step 231/5000.
2025-01-23 12:43:36,409 - INFO - Step 232/5000.
2025-01-23 12:43:36,423 - INFO - Step 233/5000.
2025-01-23 12:43:36,436 - INFO - Step 234/5000.
2025-01-23 12:43:36,450 - INFO - Step 235/5000.
2025-01-23 12:43:36,463 - INFO - Step 236/5000.
2025-01-23 12:43:36,477 - INFO - Step 237/5000.
2025-01-23 12:43:36,490 - INFO - Step 238/5000.
2025-01-23 12:43:36,504 - INFO - Step 239/5000.
2025-01-23 12:43:36,517 - INFO - Step 240/5000.
2025-01-23 12:43:36,531 - INFO - Step 241/5000.
2025-01-23 12:43:36,544 - INFO - Step 242/5000.
2025-01-23 12:43:36,558 - INFO - Step 243/5000.
2025-01-23 12:43:36,571 - INFO - Step 244/5000.
2025-01-23 12:43:36,585 - INFO - Step 245/5000.
2025-01-23 12:43:36,598 - INFO - Step 246/5000.
2025-01-23 12:43:36,612 - INFO - Step 247/5000.
2025-01-23 12:43:36,625 - INFO - Step 248/5000.
2025-01-23 12:43:36,639 - INFO - Step 249/5000.
2025-01-23 12:43:36,652 - INFO - Step 250/5000.
2025-01-23 12:43:36,666 - INFO - Step 251/5000.
2025-01-23 12:43:36,679 - INFO - Step 252/5000.
2025-01-23 12:43:36,693 - INFO - Step 253/5000.
2025-01-23 12:43:36,706 - INFO - Step 254/5000.
2025-01-23 12:43:36,720 - INFO - Step 255/5000.
2025-01-23 12:43:36,733 - INFO - Step 256/5000.
2025-01-23 12:43:36,747 - INFO - Step 257/5000.
2025-01-23 12:43:36,760 - INFO - Step 258/5000.
2025-01-23 12:43:36,774 - INFO - Step 259/5000.
2025-01-23 12:43:36,787 - INFO - Step 260/5000.
2025-01-23 12:43:36,801 - INFO - Step 261/5000.
2025-01-23 12:43:36,814 - INFO - Step 262/5000.
2025-01-23 12:43:36,828 - INFO - Step 263/5000.
2025-01-23 12:43:36,841 - INFO - Step 264/5000.
2025-01-23 12:43:36,855 - INFO - Step 265/5000.
2025-01-23 12:43:36,868 - INFO - Step 266/5000.
2025-01-23 12:43:36,882 - INFO - Step 267/5000.
2025-01-23 12:43:36,895 - INFO - Step 268/5000.
2025-01-23 12:43:36,909 - INFO - Step 269/5000.
2025-01-23 12:43:36,922 - INFO - Step 270/5000.
2025-01-23 12:43:36,936 - INFO - Step 271/5000.
2025-01-23 12:43:36,949 - INFO - Step 272/5000.
2025-01-23 12:43:36,963 - INFO - Step 273/5000.
2025-01-23 12:43:36,976 - INFO - Step 274/5000.
2025-01-23 12:43:36,990 - INFO - Step 275/5000.
2025-01-23 12:43:37,003 - INFO - Step 276/5000.
2025-01-23 12:43:37,017 - INFO - Step 277/5000.
2025-01-23 12:43:37,030 - INFO - Step 278/5000.
2025-01-23 12:43:37,044 - INFO - Step 279/5000.
2025-01-23 12:43:37,057 - INFO - Step 280/5000.
2025-01-23 12:43:37,071 - INFO - Step 281/5000.
2025-01-23 12:43:37,084 - INFO - Step 282/5000.
2025-01-23 12:43:37,098 - INFO - Step 283/5000.
2025-01-23 12:43:37,111 - INFO - Step 284/5000.
2025-01-23 12:43:37,124 - INFO - Step 285/5000.
2025-01-23 12:43:37,138 - INFO - Step 286/5000.
2025-01-23 12:43:37,151 - INFO - Step 287/5000.
2025-01-23 12:43:37,165 - INFO - Step 288/5000.
2025-01-23 12:43:37,178 - INFO - Step 289/5000.
2025-01-23 12:43:37,192 - INFO - Step 290/5000.
2025-01-23 12:43:37,205 - INFO - Step 291/5000.
2025-01-23 12:43:37,219 - INFO - Step 292/5000.
2025-01-23 12:43:37,232 - INFO - Step 293/5000.
2025-01-23 12:43:37,246 - INFO - Step 294/5000.
2025-01-23 12:43:37,259 - INFO - Step 295/5000.
2025-01-23 12:43:37,272 - INFO - Step 296/5000.
2025-01-23 12:43:37,286 - INFO - Step 297/5000.
2025-01-23 12:43:37,299 - INFO - Step 298/5000.
2025-01-23 12:43:37,313 - INFO - Step 299/5000.
2025-01-23 12:43:37,326 - INFO - Step 300/5000.
2025-01-23 12:43:37,340 - INFO - Step 301/5000.
2025-01-23 12:43:37,353 - INFO - Step 302/5000.
2025-01-23 12:43:37,367 - INFO - Step 303/5000.
2025-01-23 12:43:37,380 - INFO - Step 304/5000.
2025-01-23 12:43:37,394 - INFO - Step 305/5000.
2025-01-23 12:43:37,407 - INFO - Step 306/5000.
2025-01-23 12:43:37,421 - INFO - Step 307/5000.
2025-01-23 12:43:37,434 - INFO - Step 308/5000.
2025-01-23 12:43:37,448 - INFO - Step 309/5000.
2025-01-23 12:43:37,461 - INFO - Step 310/5000.
2025-01-23 12:43:37,474 - INFO - Step 311/5000.
2025-01-23 12:43:37,488 - INFO - Step 312/5000.
2025-01-23 12:43:37,502 - INFO - Step 313/5000.
2025-01-23 12:43:37,515 - INFO - Step 314/5000.
2025-01-23 12:43:37,528 - INFO - Step 315/5000.
2025-01-23 12:43:37,542 - INFO - Step 316/5000.
2025-01-23 12:43:37,555 - INFO - Step 317/5000.
2025-01-23 12:43:37,569 - INFO - Step 318/5000.
2025-01-23 12:43:37,582 - INFO - Step 319/5000.
2025-01-23 12:43:37,596 - INFO - Step 320/5000.
2025-01-23 12:43:37,609 - INFO - Step 321/5000.
2025-01-23 12:43:37,623 - INFO - Step 322/5000.
2025-01-23 12:43:37,636 - INFO - Step 323/5000.
2025-01-23 12:43:37,650 - INFO - Step 324/5000.
2025-01-23 12:43:37,663 - INFO - Step 325/5000.
2025-01-23 12:43:37,676 - INFO - Step 326/5000.
2025-01-23 12:43:37,690 - INFO - Step 327/5000.
2025-01-23 12:43:37,703 - INFO - Step 328/5000.
2025-01-23 12:43:37,717 - INFO - Step 329/5000.
2025-01-23 12:43:37,730 - INFO - Step 330/5000.
2025-01-23 12:43:37,744 - INFO - Step 331/5000.
2025-01-23 12:43:37,757 - INFO - Step 332/5000.
2025-01-23 12:43:37,771 - INFO - Step 333/5000.
2025-01-23 12:43:37,784 - INFO - Step 334/5000.
2025-01-23 12:43:37,797 - INFO - Step 335/5000.
2025-01-23 12:43:37,811 - INFO - Step 336/5000.
2025-01-23 12:43:37,824 - INFO - Step 337/5000.
2025-01-23 12:43:37,838 - INFO - Step 338/5000.
2025-01-23 12:43:37,851 - INFO - Step 339/5000.
2025-01-23 12:43:37,865 - INFO - Step 340/5000.
2025-01-23 12:43:37,878 - INFO - Step 341/5000.
2025-01-23 12:43:37,891 - INFO - Step 342/5000.
2025-01-23 12:43:37,905 - INFO - Step 343/5000.
2025-01-23 12:43:37,918 - INFO - Step 344/5000.
2025-01-23 12:43:37,932 - INFO - Step 345/5000.
2025-01-23 12:43:37,945 - INFO - Step 346/5000.
2025-01-23 12:43:37,959 - INFO - Step 347/5000.
2025-01-23 12:43:37,972 - INFO - Step 348/5000.
2025-01-23 12:43:37,985 - INFO - Step 349/5000.
2025-01-23 12:43:37,999 - INFO - Step 350/5000.
2025-01-23 12:43:38,012 - INFO - Step 351/5000.
2025-01-23 12:43:38,026 - INFO - Step 352/5000.
2025-01-23 12:43:38,039 - INFO - Step 353/5000.
2025-01-23 12:43:38,053 - INFO - Step 354/5000.
2025-01-23 12:43:38,066 - INFO - Step 355/5000.
2025-01-23 12:43:38,080 - INFO - Step 356/5000.
2025-01-23 12:43:38,093 - INFO - Step 357/5000.
2025-01-23 12:43:38,106 - INFO - Step 358/5000.
2025-01-23 12:43:38,120 - INFO - Step 359/5000.
2025-01-23 12:43:38,133 - INFO - Step 360/5000.
2025-01-23 12:43:38,147 - INFO - Step 361/5000.
2025-01-23 12:43:38,160 - INFO - Step 362/5000.
2025-01-23 12:43:38,173 - INFO - Step 363/5000.
2025-01-23 12:43:38,187 - INFO - Step 364/5000.
2025-01-23 12:43:38,200 - INFO - Step 365/5000.
2025-01-23 12:43:38,213 - INFO - Step 366/5000.
2025-01-23 12:43:38,227 - INFO - Step 367/5000.
2025-01-23 12:43:38,240 - INFO - Step 368/5000.
2025-01-23 12:43:38,254 - INFO - Step 369/5000.
2025-01-23 12:43:38,267 - INFO - Step 370/5000.
2025-01-23 12:43:38,281 - INFO - Step 371/5000.
2025-01-23 12:43:38,294 - INFO - Step 372/5000.
2025-01-23 12:43:38,307 - INFO - Step 373/5000.
2025-01-23 12:43:38,321 - INFO - Step 374/5000.
2025-01-23 12:43:38,334 - INFO - Step 375/5000.
2025-01-23 12:43:38,348 - INFO - Step 376/5000.
2025-01-23 12:43:38,361 - INFO - Step 377/5000.
2025-01-23 12:43:38,375 - INFO - Step 378/5000.
2025-01-23 12:43:38,388 - INFO - Step 379/5000.
2025-01-23 12:43:38,401 - INFO - Step 380/5000.
2025-01-23 12:43:38,415 - INFO - Step 381/5000.
2025-01-23 12:43:38,428 - INFO - Step 382/5000.
2025-01-23 12:43:38,442 - INFO - Step 383/5000.
2025-01-23 12:43:38,455 - INFO - Step 384/5000.
2025-01-23 12:43:38,468 - INFO - Step 385/5000.
2025-01-23 12:43:38,482 - INFO - Step 386/5000.
2025-01-23 12:43:38,495 - INFO - Step 387/5000.
2025-01-23 12:43:38,509 - INFO - Step 388/5000.
2025-01-23 12:43:38,522 - INFO - Step 389/5000.
2025-01-23 12:43:38,535 - INFO - Step 390/5000.
2025-01-23 12:43:38,549 - INFO - Step 391/5000.
2025-01-23 12:43:38,562 - INFO - Step 392/5000.
2025-01-23 12:43:38,575 - INFO - Step 393/5000.
2025-01-23 12:43:38,589 - INFO - Step 394/5000.
2025-01-23 12:43:38,602 - INFO - Step 395/5000.
2025-01-23 12:43:38,616 - INFO - Step 396/5000.
2025-01-23 12:43:38,629 - INFO - Step 397/5000.
2025-01-23 12:43:38,642 - INFO - Step 398/5000.
2025-01-23 12:43:38,655 - INFO - Step 399/5000.
2025-01-23 12:43:38,669 - INFO - Step 400/5000.
2025-01-23 12:43:38,682 - INFO - Step 401/5000.
2025-01-23 12:43:38,695 - INFO - Step 402/5000.
2025-01-23 12:43:38,709 - INFO - Step 403/5000.
2025-01-23 12:43:38,722 - INFO - Step 404/5000.
2025-01-23 12:43:38,736 - INFO - Step 405/5000.
2025-01-23 12:43:38,749 - INFO - Step 406/5000.
2025-01-23 12:43:38,762 - INFO - Step 407/5000.
2025-01-23 12:43:38,775 - INFO - Step 408/5000.
2025-01-23 12:43:38,789 - INFO - Step 409/5000.
2025-01-23 12:43:38,802 - INFO - Step 410/5000.
2025-01-23 12:43:38,815 - INFO - Step 411/5000.
2025-01-23 12:43:38,828 - INFO - Step 412/5000.
2025-01-23 12:43:38,842 - INFO - Step 413/5000.
2025-01-23 12:43:38,855 - INFO - Step 414/5000.
2025-01-23 12:43:38,868 - INFO - Step 415/5000.
2025-01-23 12:43:38,882 - INFO - Step 416/5000.
2025-01-23 12:43:38,895 - INFO - Step 417/5000.
2025-01-23 12:43:38,908 - INFO - Step 418/5000.
2025-01-23 12:43:38,921 - INFO - Step 419/5000.
2025-01-23 12:43:38,935 - INFO - Step 420/5000.
2025-01-23 12:43:38,948 - INFO - Step 421/5000.
2025-01-23 12:43:38,961 - INFO - Step 422/5000.
2025-01-23 12:43:38,975 - INFO - Step 423/5000.
2025-01-23 12:43:38,988 - INFO - Step 424/5000.
2025-01-23 12:43:39,001 - INFO - Step 425/5000.
2025-01-23 12:43:39,015 - INFO - Step 426/5000.
2025-01-23 12:43:39,028 - INFO - Step 427/5000.
2025-01-23 12:43:39,041 - INFO - Step 428/5000.
2025-01-23 12:43:39,055 - INFO - Step 429/5000.
2025-01-23 12:43:39,068 - INFO - Step 430/5000.
2025-01-23 12:43:39,081 - INFO - Step 431/5000.
2025-01-23 12:43:39,095 - INFO - Step 432/5000.
2025-01-23 12:43:39,108 - INFO - Step 433/5000.
2025-01-23 12:43:39,121 - INFO - Step 434/5000.
2025-01-23 12:43:39,134 - INFO - Step 435/5000.
2025-01-23 12:43:39,148 - INFO - Step 436/5000.
Namespace(state_count=3, action_count=2, alpha=0.1, beta=0.1, max_demand=29, head_prob=0.4, env_type='robot', total_step=5000, learning_rate=0.1, discount_rate=0.95, aggregation_mode='avg', eva_max_iterations=5000, policy_type='deterministic', learn_domain='nominal', R=0.85, R_test=0.85, bias=0.8, num_mdps=3, random_seed=None, E=1, load_env_path=None)
Traceback (most recent call last):
  File "/Users/ziyingjia/Desktop/robust-dr/main.py", line 165, in <module>
    main(args)
  File "/Users/ziyingjia/Desktop/robust-dr/main.py", line 83, in main
    Q_result, all_Q = MDTL_Periodic(
                      ^^^^^^^^^^^^^^
  File "/Users/ziyingjia/Desktop/robust-dr/mdtl.py", line 45, in MDTL_Periodic
    opt_all = calculate_optimal_value(V_k[k], next_state_distribution, R)
              ^^^^^^^^^^^^^^^^^^^^^^^^^^^^^^^^^^^^^^^^^^^^^^^^^^^^^^^^^^^
  File "/Users/ziyingjia/Desktop/robust-dr/mdtl.py", line 12, in calculate_optimal_value
    problem.solve()
  File "/opt/anaconda3/envs/icml/lib/python3.12/site-packages/cvxpy/problems/problem.py", line 577, in solve
    return solve_func(self, *args, **kwargs)
           ^^^^^^^^^^^^^^^^^^^^^^^^^^^^^^^^^
  File "/opt/anaconda3/envs/icml/lib/python3.12/site-packages/cvxpy/problems/problem.py", line 1147, in _solve
    data, solving_chain, inverse_data = self.get_problem_data(
                                        ^^^^^^^^^^^^^^^^^^^^^^
  File "/opt/anaconda3/envs/icml/lib/python3.12/site-packages/cvxpy/problems/problem.py", line 770, in get_problem_data
    data, inverse_data = solving_chain.apply(self, verbose)
                         ^^^^^^^^^^^^^^^^^^^^^^^^^^^^^^^^^^
  File "/opt/anaconda3/envs/icml/lib/python3.12/site-packages/cvxpy/reductions/chain.py", line 76, in apply
    problem, inv = r.apply(problem)
                   ^^^^^^^^^^^^^^^^
  File "/opt/anaconda3/envs/icml/lib/python3.12/site-packages/cvxpy/reductions/dcp2cone/dcp2cone.py", line 55, in apply
    canon_objective, canon_constraints = self.canonicalize_tree(
                                         ^^^^^^^^^^^^^^^^^^^^^^^
  File "/opt/anaconda3/envs/icml/lib/python3.12/site-packages/cvxpy/reductions/dcp2cone/dcp2cone.py", line 96, in canonicalize_tree
    canon_arg, c = self.canonicalize_tree(arg, affine_atom and affine_above)
                   ^^^^^^^^^^^^^^^^^^^^^^^^^^^^^^^^^^^^^^^^^^^^^^^^^^^^^^^^^
  File "/opt/anaconda3/envs/icml/lib/python3.12/site-packages/cvxpy/reductions/dcp2cone/dcp2cone.py", line 96, in canonicalize_tree
    canon_arg, c = self.canonicalize_tree(arg, affine_atom and affine_above)
                   ^^^^^^^^^^^^^^^^^^^^^^^^^^^^^^^^^^^^^^^^^^^^^^^^^^^^^^^^^
  File "/opt/anaconda3/envs/icml/lib/python3.12/site-packages/cvxpy/reductions/dcp2cone/dcp2cone.py", line 96, in canonicalize_tree
    canon_arg, c = self.canonicalize_tree(arg, affine_atom and affine_above)
                   ^^^^^^^^^^^^^^^^^^^^^^^^^^^^^^^^^^^^^^^^^^^^^^^^^^^^^^^^^
  [Previous line repeated 5 more times]
  File "/opt/anaconda3/envs/icml/lib/python3.12/site-packages/cvxpy/reductions/dcp2cone/dcp2cone.py", line 99, in canonicalize_tree
    canon_expr, c = self.canonicalize_expr(expr, canon_args, affine_above)
                    ^^^^^^^^^^^^^^^^^^^^^^^^^^^^^^^^^^^^^^^^^^^^^^^^^^^^^^
  File "/opt/anaconda3/envs/icml/lib/python3.12/site-packages/cvxpy/reductions/dcp2cone/dcp2cone.py", line 118, in canonicalize_expr
    expr.is_constant() and not expr.parameters()):
    ^^^^^^^^^^^^^^^^^^
  File "/opt/anaconda3/envs/icml/lib/python3.12/site-packages/cvxpy/utilities/performance_utils.py", line 70, in _compute_once
    key = _cache_key(args, kwargs)
          ^^^^^^^^^^^^^^^^^^^^^^^^
  File "/opt/anaconda3/envs/icml/lib/python3.12/site-packages/cvxpy/utilities/performance_utils.py", line 45, in _cache_key
    key = args + tuple(list(kwargs.items()))
                       ^^^^^^^^^^^^^^^^^^^^
KeyboardInterrupt
2025-01-23 13:18:15,153 - INFO - Experiment directory created: ./experiments/20250123_131815
2025-01-23 13:18:15,154 - INFO - Uncertainty Set MDP 1:
2025-01-23 13:18:15,154 - INFO - Alpha: 0.8167854822165439
2025-01-23 13:18:15,154 - INFO - Beta: 0.8052285589128272
2025-01-23 13:18:15,154 - INFO - Kernels:
[[[0.816785 0.183215 0.      ]
  [1.       0.       0.      ]]

 [[0.       0.805229 0.194771]
  [0.       1.       0.      ]]

 [[0.       0.       1.      ]
  [0.       0.       1.      ]]]
2025-01-23 13:18:15,154 - INFO - Rewards:
[[50. 10.]
 [50. 10.]
 [ 0.  0.]]
2025-01-23 13:18:15,154 - INFO - --------------------------------------------------
2025-01-23 13:18:15,154 - INFO - Uncertainty Set MDP 2:
2025-01-23 13:18:15,154 - INFO - Alpha: 0.8462319773790608
2025-01-23 13:18:15,155 - INFO - Beta: 0.8091514950866342
2025-01-23 13:18:15,155 - INFO - Kernels:
[[[0.846232 0.153768 0.      ]
  [1.       0.       0.      ]]

 [[0.       0.809151 0.190849]
  [0.       1.       0.      ]]

 [[0.       0.       1.      ]
  [0.       0.       1.      ]]]
2025-01-23 13:18:15,155 - INFO - Rewards:
[[50. 10.]
 [50. 10.]
 [ 0.  0.]]
2025-01-23 13:18:15,155 - INFO - --------------------------------------------------
2025-01-23 13:18:15,155 - INFO - Uncertainty Set MDP 3:
2025-01-23 13:18:15,155 - INFO - Alpha: 0.8164244188861216
2025-01-23 13:18:15,155 - INFO - Beta: 0.8226641416667313
2025-01-23 13:18:15,155 - INFO - Kernels:
[[[0.816424 0.183576 0.      ]
  [1.       0.       0.      ]]

 [[0.       0.822664 0.177336]
  [0.       1.       0.      ]]

 [[0.       0.       1.      ]
  [0.       0.       1.      ]]]
2025-01-23 13:18:15,155 - INFO - Rewards:
[[50. 10.]
 [50. 10.]
 [ 0.  0.]]
2025-01-23 13:18:15,155 - INFO - --------------------------------------------------
2025-01-23 13:18:15,155 - INFO - Average MDP:
2025-01-23 13:18:15,155 - INFO - Alpha: 0.8264806261605754
2025-01-23 13:18:15,155 - INFO - Beta: 0.8123480652220643
2025-01-23 13:18:15,155 - INFO - Kernels:
[[[0.826481 0.173519 0.      ]
  [1.       0.       0.      ]]

 [[0.       0.812348 0.187652]
  [0.       1.       0.      ]]

 [[0.       0.       1.      ]
  [0.       0.       1.      ]]]
2025-01-23 13:18:15,155 - INFO - Rewards:
[[50. 10.]
 [50. 10.]
 [ 0.  0.]]
2025-01-23 13:18:15,155 - INFO - ==================================================
2025-01-23 13:18:15,155 - INFO - Environment and uncertainty set saved to ./experiments/20250123_131815/env_data.pkl
2025-01-23 13:18:15,155 - INFO - Configuration saved to ./experiments/20250123_131815/config.json
2025-01-23 13:18:15,155 - INFO - Running MDTL_Periodic...
2025-01-23 13:18:15,155 - INFO - Step 1/5000.
Namespace(state_count=3, action_count=2, alpha=0.1, beta=0.1, max_demand=29, head_prob=0.4, env_type='robot', total_step=5000, learning_rate=0.1, discount_rate=0.95, aggregation_mode='avg', eva_max_iterations=5000, policy_type='deterministic', learn_domain='avg', R=0.75, R_test=0.75, bias=0.7, num_mdps=3, random_seed=None, E=1, load_env_path=None)
Traceback (most recent call last):
  File "/Users/ziyingjia/Desktop/robust-dr/main.py", line 165, in <module>
    main(args)
  File "/Users/ziyingjia/Desktop/robust-dr/main.py", line 83, in main
    Q_result, all_Q = MDTL_Periodic(
                      ^^^^^^^^^^^^^^
  File "/Users/ziyingjia/Desktop/robust-dr/mdtl.py", line 33, in MDTL_Periodic
    mdp = uncertainty_set[k]
          ~~~~~~~~~~~~~~~^^^
IndexError: list index out of range
